C:\Program Files (x86)\Microsoft Visual Studio\2019\Community\MSBuild\Microsoft\VC\v160\Microsoft.CppBuild.targets(513,5): warning MSB8028: The intermediate directory (Debug\) contains files shared from another project (SFML_4209COMP_Week_01.vcxproj, SFML_4209COMP_Week_02.vcxproj, SFML_4209COMP_Week_03.vcxproj, SFML_4209COMP_Week_04.vcxproj, SFML_Template.vcxproj).  This can lead to incorrect clean and rebuild behavior.
  Main.cpp
  SFML2D_Camera.cpp
C:\Users\kevin\OneDrive\Desktop\Yikes\Uni_And_ImportantDetails\Uni Stuff\Work\Games\Sem2\work\SFML_4209COMP_Week_05(1)\SFML_4209COMP_Week_05\SFML_4209COMP_Week_05\SFML2D_Camera.cpp(5,45): warning C4244: 'argument': conversion from 'int' to 'T', possible loss of data
          with
          [
              T=float
          ]
C:\Users\kevin\OneDrive\Desktop\Yikes\Uni_And_ImportantDetails\Uni Stuff\Work\Games\Sem2\work\SFML_4209COMP_Week_05(1)\SFML_4209COMP_Week_05\SFML_4209COMP_Week_05\SFML2D_Camera.cpp(5,22): warning C4244: 'argument': conversion from 'int' to 'T', possible loss of data
          with
          [
              T=float
          ]
  SFML_Application.cpp
C:\Users\kevin\OneDrive\Desktop\Yikes\Uni_And_ImportantDetails\Uni Stuff\Work\Games\Sem2\work\SFML_4209COMP_Week_05(1)\SFML_4209COMP_Week_05\SFML_4209COMP_Week_05\SFML_Application.cpp(29,59): warning C4244: 'argument': conversion from 'size_t' to 'float', possible loss of data
C:\Users\kevin\OneDrive\Desktop\Yikes\Uni_And_ImportantDetails\Uni Stuff\Work\Games\Sem2\work\SFML_4209COMP_Week_05(1)\SFML_4209COMP_Week_05\SFML_4209COMP_Week_05\SFML_Application.cpp(29,39): warning C4244: 'argument': conversion from 'size_t' to 'float', possible loss of data
C:\Users\kevin\OneDrive\Desktop\Yikes\Uni_And_ImportantDetails\Uni Stuff\Work\Games\Sem2\work\SFML_4209COMP_Week_05(1)\SFML_4209COMP_Week_05\SFML_4209COMP_Week_05\SFML_Application.cpp(160,62): warning C4244: 'argument': conversion from 'size_t' to 'float', possible loss of data
C:\Users\kevin\OneDrive\Desktop\Yikes\Uni_And_ImportantDetails\Uni Stuff\Work\Games\Sem2\work\SFML_4209COMP_Week_05(1)\SFML_4209COMP_Week_05\SFML_4209COMP_Week_05\SFML_Application.cpp(160,42): warning C4244: 'argument': conversion from 'size_t' to 'float', possible loss of data
  SFML_GameMenu.cpp
C:\Users\kevin\OneDrive\Desktop\Yikes\Uni_And_ImportantDetails\Uni Stuff\Work\Games\Sem2\work\SFML_4209COMP_Week_05(1)\SFML_4209COMP_Week_05\SFML_4209COMP_Week_05\SFML_GameMenu.cpp(39,66): warning C4244: 'argument': conversion from 'T' to 'float', possible loss of data
          with
          [
              T=unsigned int
          ]
C:\Users\kevin\OneDrive\Desktop\Yikes\Uni_And_ImportantDetails\Uni Stuff\Work\Games\Sem2\work\SFML_4209COMP_Week_05(1)\SFML_4209COMP_Week_05\SFML_4209COMP_Week_05\SFML_GameMenu.cpp(39,47): warning C4244: 'argument': conversion from 'T' to 'float', possible loss of data
          with
          [
              T=unsigned int
          ]
C:\Users\kevin\OneDrive\Desktop\Yikes\Uni_And_ImportantDetails\Uni Stuff\Work\Games\Sem2\work\SFML_4209COMP_Week_05(1)\SFML_4209COMP_Week_05\SFML_4209COMP_Week_05\SFML_GameMenu.cpp(46,40): warning C4244: '=': conversion from 'T' to 'T', possible loss of data
          with
          [
              T=unsigned int
          ]
          and
          [
              T=float
          ]
C:\Users\kevin\OneDrive\Desktop\Yikes\Uni_And_ImportantDetails\Uni Stuff\Work\Games\Sem2\work\SFML_4209COMP_Week_05(1)\SFML_4209COMP_Week_05\SFML_4209COMP_Week_05\SFML_GameMenu.cpp(47,41): warning C4244: '=': conversion from 'T' to 'T', possible loss of data
          with
          [
              T=unsigned int
          ]
          and
          [
              T=float
          ]
C:\Users\kevin\OneDrive\Desktop\Yikes\Uni_And_ImportantDetails\Uni Stuff\Work\Games\Sem2\work\SFML_4209COMP_Week_05(1)\SFML_4209COMP_Week_05\SFML_4209COMP_Week_05\SFML_GameMenu.cpp(59,60): warning C4244: 'argument': conversion from 'T' to 'float', possible loss of data
          with
          [
              T=unsigned int
          ]
C:\Users\kevin\OneDrive\Desktop\Yikes\Uni_And_ImportantDetails\Uni Stuff\Work\Games\Sem2\work\SFML_4209COMP_Week_05(1)\SFML_4209COMP_Week_05\SFML_4209COMP_Week_05\SFML_GameMenu.cpp(59,41): warning C4244: 'argument': conversion from 'T' to 'float', possible loss of data
          with
          [
              T=unsigned int
          ]
C:\Users\kevin\OneDrive\Desktop\Yikes\Uni_And_ImportantDetails\Uni Stuff\Work\Games\Sem2\work\SFML_4209COMP_Week_05(1)\SFML_4209COMP_Week_05\SFML_4209COMP_Week_05\SFML_GameMenu.cpp(148,25): warning C4244: '=': conversion from 'int' to 'T', possible loss of data
          with
          [
              T=float
          ]
C:\Users\kevin\OneDrive\Desktop\Yikes\Uni_And_ImportantDetails\Uni Stuff\Work\Games\Sem2\work\SFML_4209COMP_Week_05(1)\SFML_4209COMP_Week_05\SFML_4209COMP_Week_05\SFML_GameMenu.cpp(149,25): warning C4244: '=': conversion from 'int' to 'T', possible loss of data
          with
          [
              T=float
          ]
  SFML_GameWorld.cpp
C:\Users\kevin\OneDrive\Desktop\Yikes\Uni_And_ImportantDetails\Uni Stuff\Work\Games\Sem2\work\SFML_4209COMP_Week_05(1)\SFML_4209COMP_Week_05\SFML_4209COMP_Week_05\SFML_GameWorld.cpp(70,31): warning C4018: '<': signed/unsigned mismatch
  SFML_GameWorldLayer.cpp
C:\Users\kevin\OneDrive\Desktop\Yikes\Uni_And_ImportantDetails\Uni Stuff\Work\Games\Sem2\work\SFML_4209COMP_Week_05(1)\SFML_4209COMP_Week_05\SFML_4209COMP_Week_05\SFML_GameWorldLayer.cpp(22,51): warning C4244: 'argument': conversion from 'int' to 'T', possible loss of data
          with
          [
              T=float
          ]
C:\Users\kevin\OneDrive\Desktop\Yikes\Uni_And_ImportantDetails\Uni Stuff\Work\Games\Sem2\work\SFML_4209COMP_Week_05(1)\SFML_4209COMP_Week_05\SFML_4209COMP_Week_05\SFML_GameWorldLayer.cpp(23,61): warning C4244: 'argument': conversion from 'int' to 'T', possible loss of data
          with
          [
              T=float
          ]
C:\Users\kevin\OneDrive\Desktop\Yikes\Uni_And_ImportantDetails\Uni Stuff\Work\Games\Sem2\work\SFML_4209COMP_Week_05(1)\SFML_4209COMP_Week_05\SFML_4209COMP_Week_05\SFML_GameWorldLayer.cpp(23,46): warning C4244: 'argument': conversion from 'int' to 'T', possible loss of data
          with
          [
              T=float
          ]
C:\Users\kevin\OneDrive\Desktop\Yikes\Uni_And_ImportantDetails\Uni Stuff\Work\Games\Sem2\work\SFML_4209COMP_Week_05(1)\SFML_4209COMP_Week_05\SFML_4209COMP_Week_05\SFML_GameWorldLayer.cpp(24,46): warning C4244: 'argument': conversion from 'int' to 'T', possible loss of data
          with
          [
              T=float
          ]
C:\Users\kevin\OneDrive\Desktop\Yikes\Uni_And_ImportantDetails\Uni Stuff\Work\Games\Sem2\work\SFML_4209COMP_Week_05(1)\SFML_4209COMP_Week_05\SFML_4209COMP_Week_05\SFML_GameWorldLayer.cpp(40,11): warning C4244: 'initializing': conversion from 'T' to 'int', possible loss of data
          with
          [
              T=float
          ]
C:\Users\kevin\OneDrive\Desktop\Yikes\Uni_And_ImportantDetails\Uni Stuff\Work\Games\Sem2\work\SFML_4209COMP_Week_05(1)\SFML_4209COMP_Week_05\SFML_4209COMP_Week_05\SFML_GameWorldLayer.cpp(41,12): warning C4244: 'initializing': conversion from 'T' to 'int', possible loss of data
          with
          [
              T=float
          ]
C:\Users\kevin\OneDrive\Desktop\Yikes\Uni_And_ImportantDetails\Uni Stuff\Work\Games\Sem2\work\SFML_4209COMP_Week_05(1)\SFML_4209COMP_Week_05\SFML_4209COMP_Week_05\SFML_GameWorldLayer.cpp(42,10): warning C4244: 'initializing': conversion from 'T' to 'int', possible loss of data
          with
          [
              T=float
          ]
C:\Users\kevin\OneDrive\Desktop\Yikes\Uni_And_ImportantDetails\Uni Stuff\Work\Games\Sem2\work\SFML_4209COMP_Week_05(1)\SFML_4209COMP_Week_05\SFML_4209COMP_Week_05\SFML_GameWorldLayer.cpp(43,13): warning C4244: 'initializing': conversion from 'T' to 'int', possible loss of data
          with
          [
              T=float
          ]
C:\Users\kevin\OneDrive\Desktop\Yikes\Uni_And_ImportantDetails\Uni Stuff\Work\Games\Sem2\work\SFML_4209COMP_Week_05(1)\SFML_4209COMP_Week_05\SFML_4209COMP_Week_05\SFML_GameWorldLayer.cpp(46,52): warning C4244: 'argument': conversion from 'int' to 'T', possible loss of data
          with
          [
              T=float
          ]
C:\Users\kevin\OneDrive\Desktop\Yikes\Uni_And_ImportantDetails\Uni Stuff\Work\Games\Sem2\work\SFML_4209COMP_Week_05(1)\SFML_4209COMP_Week_05\SFML_4209COMP_Week_05\SFML_GameWorldLayer.cpp(46,46): warning C4244: 'argument': conversion from 'int' to 'T', possible loss of data
          with
          [
              T=float
          ]
C:\Users\kevin\OneDrive\Desktop\Yikes\Uni_And_ImportantDetails\Uni Stuff\Work\Games\Sem2\work\SFML_4209COMP_Week_05(1)\SFML_4209COMP_Week_05\SFML_4209COMP_Week_05\SFML_GameWorldLayer.cpp(47,52): warning C4244: 'argument': conversion from 'int' to 'T', possible loss of data
          with
          [
              T=float
          ]
C:\Users\kevin\OneDrive\Desktop\Yikes\Uni_And_ImportantDetails\Uni Stuff\Work\Games\Sem2\work\SFML_4209COMP_Week_05(1)\SFML_4209COMP_Week_05\SFML_4209COMP_Week_05\SFML_GameWorldLayer.cpp(47,46): warning C4244: 'argument': conversion from 'int' to 'T', possible loss of data
          with
          [
              T=float
          ]
C:\Users\kevin\OneDrive\Desktop\Yikes\Uni_And_ImportantDetails\Uni Stuff\Work\Games\Sem2\work\SFML_4209COMP_Week_05(1)\SFML_4209COMP_Week_05\SFML_4209COMP_Week_05\SFML_GameWorldLayer.cpp(48,53): warning C4244: 'argument': conversion from 'int' to 'T', possible loss of data
          with
          [
              T=float
          ]
C:\Users\kevin\OneDrive\Desktop\Yikes\Uni_And_ImportantDetails\Uni Stuff\Work\Games\Sem2\work\SFML_4209COMP_Week_05(1)\SFML_4209COMP_Week_05\SFML_4209COMP_Week_05\SFML_GameWorldLayer.cpp(48,46): warning C4244: 'argument': conversion from 'int' to 'T', possible loss of data
          with
          [
              T=float
          ]
C:\Users\kevin\OneDrive\Desktop\Yikes\Uni_And_ImportantDetails\Uni Stuff\Work\Games\Sem2\work\SFML_4209COMP_Week_05(1)\SFML_4209COMP_Week_05\SFML_4209COMP_Week_05\SFML_GameWorldLayer.cpp(49,53): warning C4244: 'argument': conversion from 'int' to 'T', possible loss of data
          with
          [
              T=float
          ]
C:\Users\kevin\OneDrive\Desktop\Yikes\Uni_And_ImportantDetails\Uni Stuff\Work\Games\Sem2\work\SFML_4209COMP_Week_05(1)\SFML_4209COMP_Week_05\SFML_4209COMP_Week_05\SFML_GameWorldLayer.cpp(49,46): warning C4244: 'argument': conversion from 'int' to 'T', possible loss of data
          with
          [
              T=float
          ]
  SFML_TitleScreen.cpp
C:\Users\kevin\OneDrive\Desktop\Yikes\Uni_And_ImportantDetails\Uni Stuff\Work\Games\Sem2\work\SFML_4209COMP_Week_05(1)\SFML_4209COMP_Week_05\SFML_4209COMP_Week_05\SFML_TitleScreen.cpp(20,67): warning C4244: 'argument': conversion from 'T' to 'float', possible loss of data
          with
          [
              T=unsigned int
          ]
C:\Users\kevin\OneDrive\Desktop\Yikes\Uni_And_ImportantDetails\Uni Stuff\Work\Games\Sem2\work\SFML_4209COMP_Week_05(1)\SFML_4209COMP_Week_05\SFML_4209COMP_Week_05\SFML_TitleScreen.cpp(20,45): warning C4244: 'argument': conversion from 'T' to 'float', possible loss of data
          with
          [
              T=unsigned int
          ]
  Generating Code...
  SFML_4209COMP_Week_05.vcxproj -> C:\Users\kevin\OneDrive\Desktop\Yikes\Uni_And_ImportantDetails\Uni Stuff\Work\Games\Sem2\work\SFML_4209COMP_Week_05(1)\SFML_4209COMP_Week_05\Debug\SFML_4209COMP_Week_05.exe
