C:\Program Files (x86)\Microsoft Visual Studio\2019\Community\MSBuild\Microsoft\VC\v160\Microsoft.CppBuild.targets(513,5): warning MSB8028: The intermediate directory (Debug\) contains files shared from another project (SFML_4209COMP_Week_01.vcxproj, SFML_4209COMP_Week_02.vcxproj, SFML_4209COMP_Week_03.vcxproj, SFML_4209COMP_Week_04.vcxproj, SFML_4209COMP_Week_05.vcxproj, SFML_4209COMP_Week_06.vcxproj, SFML_4209COMP_Week_08.vcxproj, SFML_Template.vcxproj).  This can lead to incorrect clean and rebuild behavior.
  Main.cpp
  SFML_Application.cpp
C:\Users\kevin\OneDrive\Desktop\Yikes\Uni_And_ImportantDetails\Uni Stuff\Work\Games\Sem2\work\FinalCoursework\SFML_4209COMP_Week_09\SFML_Application.cpp(29,59): warning C4244: 'argument': conversion from 'size_t' to 'float', possible loss of data
C:\Users\kevin\OneDrive\Desktop\Yikes\Uni_And_ImportantDetails\Uni Stuff\Work\Games\Sem2\work\FinalCoursework\SFML_4209COMP_Week_09\SFML_Application.cpp(29,39): warning C4244: 'argument': conversion from 'size_t' to 'float', possible loss of data
  SFML_GameWorld.cpp
C:\Users\kevin\OneDrive\Desktop\Yikes\Uni_And_ImportantDetails\Uni Stuff\Work\Games\Sem2\work\FinalCoursework\SFML_4209COMP_Week_09\SFML_GameWorld.cpp(34,62): warning C4244: 'argument': conversion from 'int' to 'float', possible loss of data
C:\Users\kevin\OneDrive\Desktop\Yikes\Uni_And_ImportantDetails\Uni Stuff\Work\Games\Sem2\work\FinalCoursework\SFML_4209COMP_Week_09\SFML_GameWorld.cpp(34,40): warning C4244: 'argument': conversion from 'int' to 'float', possible loss of data
C:\Users\kevin\OneDrive\Desktop\Yikes\Uni_And_ImportantDetails\Uni Stuff\Work\Games\Sem2\work\FinalCoursework\SFML_4209COMP_Week_09\SFML_GameWorld.cpp(35,81): warning C4244: 'argument': conversion from 'int' to 'T', possible loss of data
          with
          [
              T=float
          ]
C:\Users\kevin\OneDrive\Desktop\Yikes\Uni_And_ImportantDetails\Uni Stuff\Work\Games\Sem2\work\FinalCoursework\SFML_4209COMP_Week_09\SFML_GameWorld.cpp(35,59): warning C4244: 'argument': conversion from 'int' to 'T', possible loss of data
          with
          [
              T=float
          ]
C:\Users\kevin\OneDrive\Desktop\Yikes\Uni_And_ImportantDetails\Uni Stuff\Work\Games\Sem2\work\FinalCoursework\SFML_4209COMP_Week_09\SFML_GameWorld.cpp(162,32): warning C4018: '<': signed/unsigned mismatch
  SFML_PlayableSpriteObject.cpp
C:\Users\kevin\OneDrive\Desktop\Yikes\Uni_And_ImportantDetails\Uni Stuff\Work\Games\Sem2\work\FinalCoursework\SFML_4209COMP_Week_09\SFML_PlayableSpriteObject.cpp(47,34): warning C4244: '/=': conversion from 'double' to 'T', possible loss of data
          with
          [
              T=float
          ]
C:\Users\kevin\OneDrive\Desktop\Yikes\Uni_And_ImportantDetails\Uni Stuff\Work\Games\Sem2\work\FinalCoursework\SFML_4209COMP_Week_09\SFML_PlayableSpriteObject.cpp(48,34): warning C4244: '/=': conversion from 'double' to 'T', possible loss of data
          with
          [
              T=float
          ]
C:\Users\kevin\OneDrive\Desktop\Yikes\Uni_And_ImportantDetails\Uni Stuff\Work\Games\Sem2\work\FinalCoursework\SFML_4209COMP_Week_09\SFML_PlayableSpriteObject.cpp(52,16): warning C4244: 'argument': conversion from 'double' to 'float', possible loss of data
C:\Users\kevin\OneDrive\Desktop\Yikes\Uni_And_ImportantDetails\Uni Stuff\Work\Games\Sem2\work\FinalCoursework\SFML_4209COMP_Week_09\SFML_PlayableSpriteObject.cpp(469,24): warning C4305: 'initializing': truncation from 'double' to 'float'
  Generating Code...
  SFML_4209COMP_Week_09.vcxproj -> C:\Users\kevin\OneDrive\Desktop\Yikes\Uni_And_ImportantDetails\Uni Stuff\Work\Games\Sem2\work\FinalCoursework\Debug\SFML_4209COMP_Week_09.exe
